c:\users\matt\documents\github\comp3015\comp3015\project_template_diffuse\x64\debug\vc142.pdb
c:\users\matt\documents\github\comp3015\comp3015\project_template_diffuse\x64\debug\vc142.idb
c:\users\matt\documents\github\comp3015\comp3015\project_template_diffuse\x64\debug\glad.obj
c:\users\matt\documents\github\comp3015\comp3015\project_template_diffuse\x64\debug\scenebasic_uniform.obj
c:\users\matt\documents\github\comp3015\comp3015\project_template_diffuse\x64\debug\main.obj
c:\users\matt\documents\github\comp3015\comp3015\project_template_diffuse\x64\debug\trianglemesh.obj
c:\users\matt\documents\github\comp3015\comp3015\project_template_diffuse\x64\debug\torus.obj
c:\users\matt\documents\github\comp3015\comp3015\project_template_diffuse\x64\debug\teapot.obj
c:\users\matt\documents\github\comp3015\comp3015\project_template_diffuse\x64\debug\glutils.obj
c:\users\matt\documents\github\comp3015\comp3015\project_template_diffuse\x64\debug\glslprogram.obj
c:\users\matt\documents\github\comp3015\comp3015\project_template_final\x64\debug\vc142.pdb
c:\users\matt\documents\github\comp3015\comp3015\project_template_final\x64\debug\vc142.idb
c:\users\matt\documents\github\comp3015\comp3015\project_template_final\x64\debug\glad.obj
c:\users\matt\documents\github\comp3015\comp3015\project_template_final\x64\debug\scenebasic_uniform.obj
c:\users\matt\documents\github\comp3015\comp3015\project_template_final\x64\debug\main.obj
c:\users\matt\documents\github\comp3015\comp3015\project_template_final\x64\debug\trianglemesh.obj
c:\users\matt\documents\github\comp3015\comp3015\project_template_final\x64\debug\torus.obj
c:\users\matt\documents\github\comp3015\comp3015\project_template_final\x64\debug\teapot.obj
c:\users\matt\documents\github\comp3015\comp3015\project_template_final\x64\debug\glutils.obj
c:\users\matt\documents\github\comp3015\comp3015\project_template_final\x64\debug\glslprogram.obj
c:\users\matt\documents\github\comp3015\comp3015\project_template_diffuse\x64\debug\project_template.exe
c:\users\matt\documents\github\comp3015\comp3015\project_template_diffuse\x64\debug\project_template.ilk
c:\users\matt\documents\github\comp3015\comp3015\project_template_diffuse\x64\debug\project_template.pdb
c:\users\matt\documents\github\comp3015\comp3015\project_template_final\x64\debug\project_template.exe
c:\users\matt\documents\github\comp3015\comp3015\project_template_final\x64\debug\project_template.ilk
c:\users\matt\documents\github\comp3015\comp3015\project_template_final\x64\debug\project_template.pdb
c:\users\matt\documents\github\comp3015\comp3015\project_template_final\x64\debug\project_template.tlog\cl.command.1.tlog
c:\users\matt\documents\github\comp3015\comp3015\project_template_final\x64\debug\project_template.tlog\cl.read.1.tlog
c:\users\matt\documents\github\comp3015\comp3015\project_template_final\x64\debug\project_template.tlog\cl.write.1.tlog
c:\users\matt\documents\github\comp3015\comp3015\project_template_final\x64\debug\project_template.tlog\link.command.1.tlog
c:\users\matt\documents\github\comp3015\comp3015\project_template_final\x64\debug\project_template.tlog\link.read.1.tlog
c:\users\matt\documents\github\comp3015\comp3015\project_template_final\x64\debug\project_template.tlog\link.write.1.tlog
